<?xml version="1.0" encoding="UTF-8"?>
<!-- Generated by org.testng.reporters.JUnitReportReporter -->
<testsuite skipped="0" hostname="DELL" name="com.OrangeHRM.qa.testcases.MyInfoPageTest" tests="1" failures="0" timestamp="23 Oct 2020 16:44:19 GMT" time="27.988" errors="0">
  <testcase name="validateCreateMyInfo" time="27.988" classname="com.OrangeHRM.qa.testcases.MyInfoPageTest"/>
</testsuite> <!-- com.OrangeHRM.qa.testcases.MyInfoPageTest -->
