<?xml version="1.0" encoding="UTF-8"?>
<!-- Generated by org.testng.reporters.JUnitReportReporter -->
<testsuite skipped="0" hostname="DELL" name="com.amazon.qa.testcases.LoginPageTest" tests="3" failures="0" timestamp="16 Oct 2020 15:28:49 GMT" time="31.091" errors="0">
  <testcase name="LoginPageTitleTest" time="8.298" classname="com.amazon.qa.testcases.LoginPageTest"/>
  <testcase name="OrangeHRMLogoImageTest" time="9.605" classname="com.amazon.qa.testcases.LoginPageTest"/>
  <testcase name="loginTest" time="13.188" classname="com.amazon.qa.testcases.LoginPageTest"/>
</testsuite> <!-- com.amazon.qa.testcases.LoginPageTest -->
