<?xml version="1.0" encoding="UTF-8"?>
<!-- Generated by org.testng.reporters.JUnitReportReporter -->
<testsuite skipped="0" hostname="DELL" name="com.OrangeHRM.qa.testcases.HomePageTest" tests="8" failures="0" timestamp="21 Oct 2020 15:38:53 GMT" time="122.424" errors="0">
  <testcase name="HomePageTitleTest" time="14.442" classname="com.OrangeHRM.qa.testcases.HomePageTest"/>
  <testcase name="verifyWelcomenameTest" time="13.754" classname="com.OrangeHRM.qa.testcases.HomePageTest"/>
  <testcase name="clickOnDashboardLinkTest" time="14.814" classname="com.OrangeHRM.qa.testcases.HomePageTest"/>
  <testcase name="clickOnPerformanceLinkTest" time="15.481" classname="com.OrangeHRM.qa.testcases.HomePageTest"/>
  <testcase name="clickOnDirectoryLinkTest" time="16.864" classname="com.OrangeHRM.qa.testcases.HomePageTest"/>
  <testcase name="clickOnRecruitmentLinkTest" time="16.742" classname="com.OrangeHRM.qa.testcases.HomePageTest"/>
  <testcase name="clickOnAdminLinkTest" time="13.955" classname="com.OrangeHRM.qa.testcases.HomePageTest"/>
  <testcase name="clickOnPIMLinkTest" time="16.372" classname="com.OrangeHRM.qa.testcases.HomePageTest"/>
</testsuite> <!-- com.OrangeHRM.qa.testcases.HomePageTest -->
