<?xml version="1.0" encoding="UTF-8"?>
<!-- Generated by org.testng.reporters.JUnitReportReporter -->
<testsuite skipped="0" hostname="DELL" name="com.OrangeHRM.qa.testcases.LoginPageTest" tests="3" failures="0" timestamp="21 Oct 2020 15:38:53 GMT" time="30.316" errors="0">
  <testcase name="LoginPageTitleTest" time="7.887" classname="com.OrangeHRM.qa.testcases.LoginPageTest"/>
  <testcase name="OrangeHRMLogoImageTest" time="8.209" classname="com.OrangeHRM.qa.testcases.LoginPageTest"/>
  <testcase name="loginTest" time="14.220" classname="com.OrangeHRM.qa.testcases.LoginPageTest"/>
</testsuite> <!-- com.OrangeHRM.qa.testcases.LoginPageTest -->
