<?xml version="1.0" encoding="UTF-8"?>
<!-- Generated by org.testng.reporters.JUnitReportReporter -->
<testsuite skipped="0" hostname="DELL" name="com.OrangeHRM.qa.testcases.PIMPageTest" tests="1" failures="0" timestamp="21 Oct 2020 15:38:53 GMT" time="23.573" errors="0">
  <testcase name="clickOnPIMLink" time="23.573" classname="com.OrangeHRM.qa.testcases.PIMPageTest"/>
</testsuite> <!-- com.OrangeHRM.qa.testcases.PIMPageTest -->
